INFO  09:25:52 Application started. Press Ctrl+C to shut down.
INFO  09:25:52 Application started. Press Ctrl+C to shut down.
INFO  09:25:52 Hosting environment: Development
INFO  09:25:52 Hosting environment: Development
INFO  09:25:52 Content root path: D:\CognizantLearn\AsFTE\MFPE\Updated\RulesAPI
INFO  09:25:52 Content root path: D:\CognizantLearn\AsFTE\MFPE\Updated\RulesAPI
INFO  09:53:00 Application started. Press Ctrl+C to shut down.
INFO  09:53:00 Application started. Press Ctrl+C to shut down.
INFO  09:53:00 Hosting environment: Development
INFO  09:53:00 Hosting environment: Development
INFO  09:53:00 Content root path: E:\CTS\MFPE\Shayad Final\Updated\RulesAPI
INFO  09:53:00 Content root path: E:\CTS\MFPE\Shayad Final\Updated\RulesAPI
INFO  09:59:35 Evaluating Minimum Balance
INFO  10:00:27 Evaluating Minimum Balance
INFO  10:00:49 Evaluating Minimum Balance
INFO  10:01:05 Evaluating Minimum Balance
INFO  10:01:12 Evaluating Minimum Balance
INFO  05:39:39 Now listening on: https://localhost:5006
INFO  05:39:39 Now listening on: https://localhost:5006
INFO  05:39:39 Now listening on: http://localhost:5007
INFO  05:39:39 Now listening on: http://localhost:5007
INFO  05:39:39 Application started. Press Ctrl+C to shut down.
INFO  05:39:39 Application started. Press Ctrl+C to shut down.
INFO  05:39:39 Hosting environment: Development
INFO  05:39:39 Hosting environment: Development
INFO  05:39:39 Content root path: C:\Users\ASUS\Downloads\Retail_Banking_System_MFPE-master\Retail_Banking_System_MFPE-master\Retail Banking System\Rules microservice\RulesAPI
INFO  05:39:39 Content root path: C:\Users\ASUS\Downloads\Retail_Banking_System_MFPE-master\Retail_Banking_System_MFPE-master\Retail Banking System\Rules microservice\RulesAPI
INFO  05:41:29 Application is shutting down...
INFO  05:41:29 Application is shutting down...
INFO  05:41:44 Now listening on: https://localhost:5006
INFO  05:41:44 Now listening on: https://localhost:5006
INFO  05:41:44 Now listening on: http://localhost:5007
INFO  05:41:44 Now listening on: http://localhost:5007
INFO  05:41:44 Application started. Press Ctrl+C to shut down.
INFO  05:41:44 Application started. Press Ctrl+C to shut down.
INFO  05:41:44 Hosting environment: Development
INFO  05:41:44 Hosting environment: Development
INFO  05:41:44 Content root path: C:\Users\ASUS\Downloads\Retail_Banking_System_MFPE-master\Retail_Banking_System_MFPE-master\Retail Banking System\Rules microservice\RulesAPI
INFO  05:41:44 Content root path: C:\Users\ASUS\Downloads\Retail_Banking_System_MFPE-master\Retail_Banking_System_MFPE-master\Retail Banking System\Rules microservice\RulesAPI
INFO  05:45:03 Application is shutting down...
INFO  05:45:03 Application is shutting down...
INFO  05:45:17 Now listening on: https://localhost:5008
INFO  05:45:17 Now listening on: https://localhost:5008
INFO  05:45:17 Now listening on: http://localhost:5007
INFO  05:45:17 Now listening on: http://localhost:5007
INFO  05:45:17 Application started. Press Ctrl+C to shut down.
INFO  05:45:17 Application started. Press Ctrl+C to shut down.
INFO  05:45:17 Hosting environment: Development
INFO  05:45:17 Hosting environment: Development
INFO  05:45:17 Content root path: C:\Users\ASUS\Downloads\Retail_Banking_System_MFPE-master\Retail_Banking_System_MFPE-master\Retail Banking System\Rules microservice\RulesAPI
INFO  05:45:17 Content root path: C:\Users\ASUS\Downloads\Retail_Banking_System_MFPE-master\Retail_Banking_System_MFPE-master\Retail Banking System\Rules microservice\RulesAPI
INFO  05:50:47 Application is shutting down...
INFO  05:50:47 Application is shutting down...
INFO  05:50:58 Now listening on: https://localhost:5008
INFO  05:50:58 Now listening on: https://localhost:5008
INFO  05:50:58 Now listening on: http://localhost:5007
INFO  05:50:58 Now listening on: http://localhost:5007
INFO  05:50:58 Application started. Press Ctrl+C to shut down.
INFO  05:50:58 Application started. Press Ctrl+C to shut down.
INFO  05:50:58 Hosting environment: Development
INFO  05:50:58 Hosting environment: Development
INFO  05:50:58 Content root path: C:\Users\ASUS\Downloads\Retail_Banking_System_MFPE-master\Retail_Banking_System_MFPE-master\Retail Banking System\Rules microservice\RulesAPI
INFO  05:50:58 Content root path: C:\Users\ASUS\Downloads\Retail_Banking_System_MFPE-master\Retail_Banking_System_MFPE-master\Retail Banking System\Rules microservice\RulesAPI
INFO  05:57:59 Evaluating Minimum Balance
INFO  05:58:24 Evaluating Minimum Balance
INFO  06:00:50 Evaluating Minimum Balance
INFO  09:03:58 Now listening on: https://localhost:5008
INFO  09:03:58 Now listening on: https://localhost:5008
INFO  09:03:58 Now listening on: http://localhost:5007
INFO  09:03:58 Now listening on: http://localhost:5007
INFO  09:03:58 Application started. Press Ctrl+C to shut down.
INFO  09:03:58 Application started. Press Ctrl+C to shut down.
INFO  09:03:58 Hosting environment: Development
INFO  09:03:58 Hosting environment: Development
INFO  09:03:58 Content root path: C:\Users\ASUS\Downloads\Retail_Banking_System_MFPE-master\Retail_Banking_System_MFPE-master\Retail Banking System\Rules microservice\RulesAPI
INFO  09:03:58 Content root path: C:\Users\ASUS\Downloads\Retail_Banking_System_MFPE-master\Retail_Banking_System_MFPE-master\Retail Banking System\Rules microservice\RulesAPI
INFO  09:30:07 Application is shutting down...
INFO  09:30:07 Application is shutting down...
INFO  09:30:22 Now listening on: https://localhost:5008
INFO  09:30:22 Now listening on: https://localhost:5008
INFO  09:30:22 Now listening on: http://localhost:5007
INFO  09:30:22 Now listening on: http://localhost:5007
INFO  09:30:22 Application started. Press Ctrl+C to shut down.
INFO  09:30:22 Application started. Press Ctrl+C to shut down.
INFO  09:30:22 Hosting environment: Development
INFO  09:30:22 Hosting environment: Development
INFO  09:30:22 Content root path: C:\Users\ASUS\Downloads\Retail_Banking_System_MFPE-master\Retail_Banking_System_MFPE-master\Retail Banking System\Rules microservice\RulesAPI
INFO  09:30:22 Content root path: C:\Users\ASUS\Downloads\Retail_Banking_System_MFPE-master\Retail_Banking_System_MFPE-master\Retail Banking System\Rules microservice\RulesAPI
INFO  08:08:37 Now listening on: https://localhost:5008
INFO  08:08:37 Now listening on: https://localhost:5008
INFO  08:08:37 Now listening on: http://localhost:5007
INFO  08:08:37 Now listening on: http://localhost:5007
INFO  08:08:37 Application started. Press Ctrl+C to shut down.
INFO  08:08:37 Application started. Press Ctrl+C to shut down.
INFO  08:08:37 Hosting environment: Development
INFO  08:08:37 Hosting environment: Development
INFO  08:08:37 Content root path: C:\Users\ASUS\Downloads\Retail_Banking_System_MFPE-master\Retail_Banking_System_MFPE-master\Retail Banking System\Rules microservice\RulesAPI
INFO  08:08:37 Content root path: C:\Users\ASUS\Downloads\Retail_Banking_System_MFPE-master\Retail_Banking_System_MFPE-master\Retail Banking System\Rules microservice\RulesAPI
INFO  10:21:43 Now listening on: https://localhost:5008
INFO  10:21:43 Now listening on: https://localhost:5008
INFO  10:21:43 Now listening on: http://localhost:5007
INFO  10:21:43 Now listening on: http://localhost:5007
INFO  10:21:43 Application started. Press Ctrl+C to shut down.
INFO  10:21:43 Application started. Press Ctrl+C to shut down.
INFO  10:21:43 Hosting environment: Development
INFO  10:21:43 Hosting environment: Development
INFO  10:21:43 Content root path: C:\Users\ASUS\Downloads\Retail_Banking_System_MFPE-master\Retail_Banking_System_MFPE-master\Retail Banking System\Rules microservice\RulesAPI
INFO  10:21:43 Content root path: C:\Users\ASUS\Downloads\Retail_Banking_System_MFPE-master\Retail_Banking_System_MFPE-master\Retail Banking System\Rules microservice\RulesAPI
INFO  10:29:00 Application is shutting down...
INFO  10:29:00 Application is shutting down...
INFO  10:29:21 Now listening on: https://localhost:5008
INFO  10:29:21 Now listening on: https://localhost:5008
INFO  10:29:21 Now listening on: http://localhost:5007
INFO  10:29:21 Now listening on: http://localhost:5007
INFO  10:29:21 Application started. Press Ctrl+C to shut down.
INFO  10:29:21 Application started. Press Ctrl+C to shut down.
INFO  10:29:21 Hosting environment: Development
INFO  10:29:21 Hosting environment: Development
INFO  10:29:21 Content root path: C:\Users\ASUS\Downloads\Retail_Banking_System_MFPE-master\Retail_Banking_System_MFPE-master\Retail Banking System\Rules microservice\RulesAPI
INFO  10:29:21 Content root path: C:\Users\ASUS\Downloads\Retail_Banking_System_MFPE-master\Retail_Banking_System_MFPE-master\Retail Banking System\Rules microservice\RulesAPI
INFO  10:39:51 Application is shutting down...
INFO  10:39:51 Application is shutting down...
INFO  10:40:29 Now listening on: https://localhost:5008
INFO  10:40:29 Now listening on: https://localhost:5008
INFO  10:40:29 Now listening on: http://localhost:5007
INFO  10:40:29 Now listening on: http://localhost:5007
INFO  10:40:29 Application started. Press Ctrl+C to shut down.
INFO  10:40:29 Application started. Press Ctrl+C to shut down.
INFO  10:40:29 Hosting environment: Development
INFO  10:40:29 Hosting environment: Development
INFO  10:40:29 Content root path: C:\Users\ASUS\Downloads\Retail_Banking_System_MFPE-master\Retail_Banking_System_MFPE-master\Retail Banking System\Rules microservice\RulesAPI
INFO  10:40:29 Content root path: C:\Users\ASUS\Downloads\Retail_Banking_System_MFPE-master\Retail_Banking_System_MFPE-master\Retail Banking System\Rules microservice\RulesAPI
INFO  02:20:07 Application is shutting down...
INFO  02:20:07 Application is shutting down...
INFO  02:20:20 Now listening on: https://localhost:5008
INFO  02:20:20 Now listening on: https://localhost:5008
INFO  02:20:20 Now listening on: http://localhost:5007
INFO  02:20:20 Now listening on: http://localhost:5007
INFO  02:20:20 Application started. Press Ctrl+C to shut down.
INFO  02:20:20 Application started. Press Ctrl+C to shut down.
INFO  02:20:20 Hosting environment: Development
INFO  02:20:20 Hosting environment: Development
INFO  02:20:20 Content root path: C:\Users\ASUS\Downloads\Retail_Banking_System_MFPE-master\Retail_Banking_System_MFPE-master\Retail Banking System\Rules microservice\RulesAPI
INFO  02:20:20 Content root path: C:\Users\ASUS\Downloads\Retail_Banking_System_MFPE-master\Retail_Banking_System_MFPE-master\Retail Banking System\Rules microservice\RulesAPI
INFO  02:27:30 Evaluating Minimum Balance
INFO  02:51:33 Evaluating Minimum Balance
INFO  02:53:45 Evaluating Minimum Balance
INFO  03:01:18 Evaluating Minimum Balance
INFO  03:02:06 Evaluating Minimum Balance
INFO  03:05:15 Evaluating Minimum Balance
INFO  03:16:42 Evaluating Minimum Balance
INFO  09:45:55 Now listening on: https://localhost:5008
INFO  09:45:55 Now listening on: https://localhost:5008
INFO  09:45:55 Now listening on: http://localhost:5007
INFO  09:45:55 Now listening on: http://localhost:5007
INFO  09:45:55 Application started. Press Ctrl+C to shut down.
INFO  09:45:55 Application started. Press Ctrl+C to shut down.
INFO  09:45:55 Hosting environment: Development
INFO  09:45:55 Hosting environment: Development
INFO  09:45:55 Content root path: C:\Users\ASUS\Downloads\Retail_Banking_System_MFPE-master\Retail_Banking_System_MFPE-master\Retail Banking System\Rules microservice\RulesAPI
INFO  09:45:55 Content root path: C:\Users\ASUS\Downloads\Retail_Banking_System_MFPE-master\Retail_Banking_System_MFPE-master\Retail Banking System\Rules microservice\RulesAPI
INFO  11:36:49 Now listening on: https://localhost:5008
INFO  11:36:49 Now listening on: https://localhost:5008
INFO  11:36:49 Now listening on: http://localhost:5007
INFO  11:36:49 Now listening on: http://localhost:5007
INFO  11:36:49 Application started. Press Ctrl+C to shut down.
INFO  11:36:49 Application started. Press Ctrl+C to shut down.
INFO  11:36:49 Hosting environment: Development
INFO  11:36:49 Hosting environment: Development
INFO  11:36:49 Content root path: C:\Users\ASUS\Downloads\Retail_Banking_System_MFPE-master\Retail_Banking_System_MFPE-master\Retail Banking System\Rules microservice\RulesAPI
INFO  11:36:49 Content root path: C:\Users\ASUS\Downloads\Retail_Banking_System_MFPE-master\Retail_Banking_System_MFPE-master\Retail Banking System\Rules microservice\RulesAPI
INFO  05:42:06 Evaluating Minimum Balance
INFO  05:43:26 Evaluating Minimum Balance
INFO  05:44:01 Evaluating Minimum Balance
INFO  08:07:49 Now listening on: https://localhost:5008
INFO  08:07:49 Now listening on: https://localhost:5008
INFO  08:07:49 Now listening on: http://localhost:5007
INFO  08:07:49 Now listening on: http://localhost:5007
INFO  08:07:49 Application started. Press Ctrl+C to shut down.
INFO  08:07:49 Application started. Press Ctrl+C to shut down.
INFO  08:07:49 Hosting environment: Development
INFO  08:07:49 Hosting environment: Development
INFO  08:07:49 Content root path: C:\Users\ASUS\Downloads\Retail_Banking_System_MFPE-master\Retail_Banking_System_MFPE-master\Retail Banking System\Rules microservice\RulesAPI
INFO  08:07:49 Content root path: C:\Users\ASUS\Downloads\Retail_Banking_System_MFPE-master\Retail_Banking_System_MFPE-master\Retail Banking System\Rules microservice\RulesAPI
INFO  01:59:25 Evaluating Minimum Balance
INFO  02:00:17 Evaluating Minimum Balance
INFO  03:18:24 Evaluating Minimum Balance
INFO  03:18:41 Evaluating Minimum Balance
INFO  03:42:09 Evaluating Minimum Balance
INFO  04:37:28 Evaluating Minimum Balance
INFO  04:43:30 Application is shutting down...
INFO  04:43:30 Application is shutting down...
